23:17:56.756 [main] INFO  testCases.TC_002_LoginTest - Successful login
23:17:56.759 [main] INFO  testCases.TC_002_LoginTest - ***** Finished TC_002_LoginTest ******
23:29:04.483 [main] INFO  testCases.TC_001_AccountRegistrationTest - ***** starting TC_001_AccountRegistrationTest ***** 
23:29:04.486 [main] DEBUG testCases.TC_001_AccountRegistrationTest - Application logs.......
23:29:04.540 [main] INFO  testCases.TC_001_AccountRegistrationTest - *****Clicked on My Account link*****
23:29:09.742 [main] INFO  testCases.TC_001_AccountRegistrationTest - *****Clicked on My Register link*****
23:29:09.742 [main] INFO  testCases.TC_001_AccountRegistrationTest - *****Entering user registration details*****
23:29:10.259 [main] INFO  testCases.TC_001_AccountRegistrationTest - Clicked on continue
23:29:10.275 [main] INFO  testCases.TC_001_AccountRegistrationTest - Validating confirmation message
23:29:10.275 [main] INFO  testCases.TC_001_AccountRegistrationTest - !!!!!!!! Test Passed !!!!!!!!
23:29:10.277 [main] INFO  testCases.TC_001_AccountRegistrationTest - ***** Finished TC_001_AccountRegistrationTest Execution *****
23:29:16.819 [main] INFO  testCases.TC_002_LoginTest - ***** Starting TC_002_LoginTest
23:29:16.820 [main] DEBUG testCases.TC_002_LoginTest - Capturing application debug logs......
23:29:16.820 [main] INFO  testCases.TC_002_LoginTest - Clicking My Account drop-down
23:29:16.861 [main] INFO  testCases.TC_002_LoginTest - Clikcing Login from 'My Account' drop down
23:29:16.998 [main] INFO  testCases.TC_002_LoginTest - Filling up email address and password
23:29:17.224 [main] INFO  testCases.TC_002_LoginTest - Clicked on Login button
23:29:17.245 [main] INFO  testCases.TC_002_LoginTest - Successful login
23:29:17.246 [main] INFO  testCases.TC_002_LoginTest - ***** Finished TC_002_LoginTest ******
23:30:50.011 [main] INFO  testCases.TC_002_LoginTest - ***** Starting TC_002_LoginTest
23:30:50.013 [main] DEBUG testCases.TC_002_LoginTest - Capturing application debug logs......
23:30:50.018 [main] INFO  testCases.TC_002_LoginTest - Clicking My Account drop-down
23:30:50.042 [main] INFO  testCases.TC_002_LoginTest - Clikcing Login from 'My Account' drop down
23:30:50.163 [main] INFO  testCases.TC_002_LoginTest - Filling up email address and password
23:30:50.372 [main] INFO  testCases.TC_002_LoginTest - Clicked on Login button
23:30:50.389 [main] INFO  testCases.TC_002_LoginTest - Successful login
23:30:50.390 [main] INFO  testCases.TC_002_LoginTest - ***** Finished TC_002_LoginTest ******
23:31:22.171 [main] INFO  testCases.TC_001_AccountRegistrationTest - ***** starting TC_001_AccountRegistrationTest ***** 
23:31:22.175 [main] DEBUG testCases.TC_001_AccountRegistrationTest - Application logs.......
23:31:22.208 [main] INFO  testCases.TC_001_AccountRegistrationTest - *****Clicked on My Account link*****
23:31:22.372 [main] INFO  testCases.TC_001_AccountRegistrationTest - *****Clicked on My Register link*****
23:31:22.372 [main] INFO  testCases.TC_001_AccountRegistrationTest - *****Entering user registration details*****
23:31:22.795 [main] INFO  testCases.TC_001_AccountRegistrationTest - Clicked on continue
23:31:22.808 [main] INFO  testCases.TC_001_AccountRegistrationTest - Validating confirmation message
23:31:22.809 [main] INFO  testCases.TC_001_AccountRegistrationTest - !!!!!!!! Test Passed !!!!!!!!
23:31:22.810 [main] INFO  testCases.TC_001_AccountRegistrationTest - ***** Finished TC_001_AccountRegistrationTest Execution *****
23:31:24.024 [main] INFO  testCases.TC_002_LoginTest - ***** Starting TC_002_LoginTest
23:31:24.024 [main] DEBUG testCases.TC_002_LoginTest - Capturing application debug logs......
23:31:24.025 [main] INFO  testCases.TC_002_LoginTest - Clicking My Account drop-down
23:31:24.050 [main] INFO  testCases.TC_002_LoginTest - Clikcing Login from 'My Account' drop down
23:31:24.217 [main] INFO  testCases.TC_002_LoginTest - Filling up email address and password
23:31:24.430 [main] INFO  testCases.TC_002_LoginTest - Clicked on Login button
23:31:24.445 [main] INFO  testCases.TC_002_LoginTest - Successful login
23:31:24.446 [main] INFO  testCases.TC_002_LoginTest - ***** Finished TC_002_LoginTest ******
23:46:03.686 [main] INFO  testCases.TC_001_AccountRegistrationTest - ***** starting TC_001_AccountRegistrationTest ***** 
23:46:03.688 [main] DEBUG testCases.TC_001_AccountRegistrationTest - Application logs.......
23:46:03.734 [main] INFO  testCases.TC_001_AccountRegistrationTest - *****Clicked on My Account link*****
23:46:04.601 [main] INFO  testCases.TC_001_AccountRegistrationTest - *****Clicked on My Register link*****
23:46:04.601 [main] INFO  testCases.TC_001_AccountRegistrationTest - *****Entering user registration details*****
23:46:05.635 [main] INFO  testCases.TC_001_AccountRegistrationTest - Clicked on continue
23:46:05.651 [main] INFO  testCases.TC_001_AccountRegistrationTest - Validating confirmation message
23:46:05.651 [main] INFO  testCases.TC_001_AccountRegistrationTest - !!!!!!!! Test Passed !!!!!!!!
