15:26:09.514 [main] DEBUG org.testng.TestNG - suiteXmlPath: "/Users/atulshrestha/eclipse/opencart/final.xml"
15:26:24.569 [main] INFO  testCases.TC_004_SearchProductTest - Starting TC_004_SearchProductTest
15:26:25.035 [main] INFO  testCases.TC_004_SearchProductTest - Finished TC_004_SearchProductTest
15:27:43.423 [main] DEBUG org.testng.TestNG - suiteXmlPath: "/Users/atulshrestha/eclipse/opencart/final.xml"
15:27:50.936 [main] INFO  testCases.TC_004_SearchProductTest - Starting TC_004_SearchProductTest
15:27:51.245 [main] INFO  testCases.TC_004_SearchProductTest - Finished TC_004_SearchProductTest
15:28:47.962 [main] DEBUG org.testng.TestNG - suiteXmlPath: "/Users/atulshrestha/eclipse/opencart/final.xml"
15:28:48.056 [main] INFO  org.testng.internal.Utils - [TestNG] Running:
  /Users/atulshrestha/eclipse/opencart/final.xml

15:28:57.000 [main] INFO  testCases.TC_004_SearchProductTest - Starting TC_004_SearchProductTest
15:28:57.320 [main] INFO  testCases.TC_004_SearchProductTest - Finished TC_004_SearchProductTest
15:34:49.892 [main] DEBUG org.testng.TestNG - suiteXmlPath: "/Users/atulshrestha/eclipse/opencart/final.xml"
15:34:58.586 [main] INFO  testCases.TC_004_SearchProductTest - Starting TC_004_SearchProductTest
15:34:58.961 [main] INFO  testCases.TC_004_SearchProductTest - Finished TC_004_SearchProductTest
15:35:05.829 [main] INFO  testCases.TC_005_AddToCartPageTest - Starting TC_005_AddToCartPageTest ....... 
15:35:55.581 [main] DEBUG org.testng.TestNG - suiteXmlPath: "/Users/atulshrestha/eclipse/opencart/final.xml"
15:35:55.677 [main] INFO  org.testng.internal.Utils - [TestNG] Running:
  /Users/atulshrestha/eclipse/opencart/final.xml

15:36:03.483 [main] INFO  testCases.TC_004_SearchProductTest - Starting TC_004_SearchProductTest
15:36:03.864 [main] INFO  testCases.TC_004_SearchProductTest - Finished TC_004_SearchProductTest
15:36:10.524 [main] INFO  testCases.TC_005_AddToCartPageTest - Starting TC_005_AddToCartPageTest ....... 
15:41:09.342 [main] DEBUG org.testng.TestNG - suiteXmlPath: "/Users/atulshrestha/eclipse/opencart/final.xml"
15:41:09.430 [main] INFO  org.testng.internal.Utils - [TestNG] Running:
  /Users/atulshrestha/eclipse/opencart/final.xml

15:41:17.847 [main] INFO  testCases.TC_005_AddToCartPageTest - Starting TC_005_AddToCartPageTest ....... 
15:48:07.087 [main] DEBUG org.testng.TestNG - suiteXmlPath: "/Users/atulshrestha/eclipse/opencart/final.xml"
15:48:07.174 [main] INFO  org.testng.internal.Utils - [TestNG] Running:
  /Users/atulshrestha/eclipse/opencart/final.xml

15:48:15.509 [main] INFO  testCases.TC_005_AddToCartPageTest - Starting TC_005_AddToCartPageTest ....... 
15:48:15.864 [main] INFO  testCases.TC_005_AddToCartPageTest -  Clicking SEARCH........ 
15:48:30.482 [main] INFO  testCases.TC_005_AddToCartPageTest - Finished TC_005_AddToCartPageTest .......
15:51:53.689 [main] DEBUG org.testng.TestNG - suiteXmlPath: "/Users/atulshrestha/eclipse/opencart/final.xml"
15:51:53.782 [main] INFO  org.testng.internal.Utils - [TestNG] Running:
  /Users/atulshrestha/eclipse/opencart/final.xml

15:52:02.094 [main] INFO  testCases.TC_005_AddToCartPageTest - Starting TC_005_AddToCartPageTest ....... 
15:52:02.383 [main] INFO  testCases.TC_005_AddToCartPageTest -  Clicking SEARCH........ 
16:01:09.607 [main] DEBUG org.testng.TestNG - suiteXmlPath: "/Users/atulshrestha/eclipse/opencart/final.xml"
16:01:09.696 [main] INFO  org.testng.internal.Utils - [TestNG] Running:
  /Users/atulshrestha/eclipse/opencart/final.xml

16:01:17.882 [main] INFO  testCases.TC_005_AddToCartPageTest - Starting TC_005_AddToCartPageTest ....... 
16:01:18.310 [main] INFO  testCases.TC_005_AddToCartPageTest -  Clicking SEARCH........ 
16:07:56.053 [main] DEBUG org.testng.TestNG - suiteXmlPath: "/Users/atulshrestha/eclipse/opencart/final.xml"
16:07:56.164 [main] INFO  org.testng.internal.Utils - [TestNG] Running:
  /Users/atulshrestha/eclipse/opencart/final.xml

16:08:04.033 [main] INFO  testCases.TC_005_AddToCartPageTest - Starting TC_005_AddToCartPageTest ....... 
16:08:04.352 [main] INFO  testCases.TC_005_AddToCartPageTest -  Clicking SEARCH........ 
16:44:10.220 [main] DEBUG org.testng.TestNG - suiteXmlPath: "/Users/atulshrestha/eclipse/opencart/final.xml"
16:44:10.322 [main] INFO  org.testng.internal.Utils - [TestNG] Running:
  /Users/atulshrestha/eclipse/opencart/final.xml

16:44:19.349 [main] INFO  testCases.TC_005_AddToCartPageTest - Starting TC_005_AddToCartPageTest ....... 
16:44:19.851 [main] INFO  testCases.TC_005_AddToCartPageTest -  Clicking SEARCH........ 
16:44:25.013 [main] INFO  testCases.TC_005_AddToCartPageTest - clicking iphone component ........... 
16:44:25.068 [main] INFO  testCases.TC_005_AddToCartPageTest -  Quantity value Resetted to 2 ..... 
16:44:25.101 [main] INFO  testCases.TC_005_AddToCartPageTest - Clicked add to cart button .... 
16:44:25.177 [main] INFO  testCases.TC_005_AddToCartPageTest - Finished TC_005_AddToCartPageTest .......
