17:51:22.292 [main] INFO  testCases.TC_001_AccountRegistrationTest - ***** starting TC_001_AccountRegistrationTest ***** 
17:51:22.299 [main] DEBUG testCases.TC_001_AccountRegistrationTest - Application logs.......
17:51:22.413 [main] INFO  testCases.TC_001_AccountRegistrationTest - *****Clicked on My Account link*****
17:51:22.845 [main] INFO  testCases.TC_001_AccountRegistrationTest - *****Clicked on My Register link*****
17:51:22.845 [main] INFO  testCases.TC_001_AccountRegistrationTest - *****Entering user registration details*****
17:51:23.497 [main] INFO  testCases.TC_001_AccountRegistrationTest - Clicked on continue
17:51:23.512 [main] INFO  testCases.TC_001_AccountRegistrationTest - Validating confirmation message
17:51:23.512 [main] INFO  testCases.TC_001_AccountRegistrationTest - !!!!!!!! Test Passed !!!!!!!!
17:51:23.513 [main] INFO  testCases.TC_001_AccountRegistrationTest - ***** Finished TC_001_AccountRegistrationTest Execution *****
17:51:30.020 [main] INFO  testCases.TC_002_LoginTest - ***** Starting TC_002_LoginTest
17:51:30.021 [main] DEBUG testCases.TC_002_LoginTest - Capturing application debug logs......
17:51:30.021 [main] INFO  testCases.TC_002_LoginTest - Clicking My Account drop-down
17:51:30.064 [main] INFO  testCases.TC_002_LoginTest - Clikcing Login from 'My Account' drop down
17:51:30.240 [main] INFO  testCases.TC_002_LoginTest - Filling up email address and password
17:51:30.428 [main] INFO  testCases.TC_002_LoginTest - Clicked on Login button
17:51:30.444 [main] INFO  testCases.TC_002_LoginTest - Successful login
17:51:30.445 [main] INFO  testCases.TC_002_LoginTest - ***** Finished TC_002_LoginTest ******
17:59:35.581 [main] INFO  testCases.TC_001_AccountRegistrationTest - ***** starting TC_001_AccountRegistrationTest ***** 
17:59:35.584 [main] DEBUG testCases.TC_001_AccountRegistrationTest - Application logs.......
17:59:35.704 [main] INFO  testCases.TC_001_AccountRegistrationTest - *****Clicked on My Account link*****
17:59:35.913 [main] INFO  testCases.TC_001_AccountRegistrationTest - *****Clicked on My Register link*****
17:59:35.913 [main] INFO  testCases.TC_001_AccountRegistrationTest - *****Entering user registration details*****
17:59:36.492 [main] INFO  testCases.TC_001_AccountRegistrationTest - Clicked on continue
17:59:36.506 [main] INFO  testCases.TC_001_AccountRegistrationTest - Validating confirmation message
17:59:36.506 [main] INFO  testCases.TC_001_AccountRegistrationTest - !!!!!!!! Test Passed !!!!!!!!
17:59:36.507 [main] INFO  testCases.TC_001_AccountRegistrationTest - ***** Finished TC_001_AccountRegistrationTest Execution *****
17:59:42.758 [main] INFO  testCases.TC_002_LoginTest - ***** Starting TC_002_LoginTest
17:59:42.759 [main] DEBUG testCases.TC_002_LoginTest - Capturing application debug logs......
17:59:42.759 [main] INFO  testCases.TC_002_LoginTest - Clicking My Account drop-down
17:59:42.798 [main] INFO  testCases.TC_002_LoginTest - Clikcing Login from 'My Account' drop down
17:59:42.931 [main] INFO  testCases.TC_002_LoginTest - Filling up email address and password
17:59:43.114 [main] INFO  testCases.TC_002_LoginTest - Clicked on Login button
17:59:43.146 [main] INFO  testCases.TC_002_LoginTest - Successful login
17:59:43.148 [main] INFO  testCases.TC_002_LoginTest - ***** Finished TC_002_LoginTest ******
18:15:09.357 [main] INFO  testCases.TC_001_AccountRegistrationTest - ***** starting TC_001_AccountRegistrationTest ***** 
18:15:09.360 [main] DEBUG testCases.TC_001_AccountRegistrationTest - Application logs.......
18:15:09.406 [main] INFO  testCases.TC_001_AccountRegistrationTest - *****Clicked on My Account link*****
18:15:09.546 [main] INFO  testCases.TC_001_AccountRegistrationTest - *****Clicked on My Register link*****
18:15:09.546 [main] INFO  testCases.TC_001_AccountRegistrationTest - *****Entering user registration details*****
18:15:09.951 [main] INFO  testCases.TC_001_AccountRegistrationTest - Clicked on continue
18:15:09.965 [main] INFO  testCases.TC_001_AccountRegistrationTest - Validating confirmation message
18:15:09.965 [main] INFO  testCases.TC_001_AccountRegistrationTest - !!!!!!!! Test Passed !!!!!!!!
18:15:09.967 [main] INFO  testCases.TC_001_AccountRegistrationTest - ***** Finished TC_001_AccountRegistrationTest Execution *****
18:15:16.461 [main] INFO  testCases.TC_002_LoginTest - ***** Starting TC_002_LoginTest
18:15:16.465 [main] DEBUG testCases.TC_002_LoginTest - Capturing application debug logs......
18:15:16.466 [main] INFO  testCases.TC_002_LoginTest - Clicking My Account drop-down
18:15:16.513 [main] INFO  testCases.TC_002_LoginTest - Clikcing Login from 'My Account' drop down
18:15:16.749 [main] INFO  testCases.TC_002_LoginTest - Filling up email address and password
18:15:16.995 [main] INFO  testCases.TC_002_LoginTest - Clicked on Login button
18:15:17.020 [main] INFO  testCases.TC_002_LoginTest - Successful login
18:15:17.021 [main] INFO  testCases.TC_002_LoginTest - ***** Finished TC_002_LoginTest ******
18:15:58.734 [main] INFO  testCases.TC_001_AccountRegistrationTest - ***** starting TC_001_AccountRegistrationTest ***** 
